1628201814695	geckodriver	INFO	Listening on 127.0.0.1:54307
1628201814703	mozrunner::runner	INFO	Running command: "/usr/bin/firefox" "--marionette" "-foreground" "-no-remote" "-profile" "/tmp/rust_mozprofileQoP4my"

(firefox:2302753): Gtk-WARNING **: 18:16:54.809: Locale not supported by C library.
	Using the fallback 'C' locale.
Crash Annotation GraphicsCriticalError: |[0][GFX1-]: glxtest: libpci missing (t=0.351731) [GFX1-]: glxtest: libpci missing
Crash Annotation GraphicsCriticalError: |[0][GFX1-]: glxtest: libpci missing (t=0.351731) |[1][GFX1-]: glxtest: libEGL no display (t=0.35176) [GFX1-]: glxtest: libEGL no display
Crash Annotation GraphicsCriticalError: |[0][GFX1-]: glxtest: libpci missing (t=0.351731) |[1][GFX1-]: glxtest: libEGL no display (t=0.35176) |[2][GFX1-]: glxtest: No visuals found (t=0.351767) [GFX1-]: glxtest: No visuals found
Crash Annotation GraphicsCriticalError: |[0][GFX1-]: glxtest: libpci missing (t=0.351731) |[1][GFX1-]: glxtest: libEGL no display (t=0.35176) |[2][GFX1-]: glxtest: No visuals found (t=0.351767) |[3][GFX1-]: glxtest: libEGL no display (t=0.351773) [GFX1-]: glxtest: libEGL no display
Crash Annotation GraphicsCriticalError: |[0][GFX1-]: glxtest: libpci missing (t=0.351731) |[1][GFX1-]: glxtest: libEGL no display (t=0.35176) |[2][GFX1-]: glxtest: No visuals found (t=0.351767) |[3][GFX1-]: glxtest: libEGL no display (t=0.351773) |[4][GFX1-]: No GPUs detected via PCI (t=0.351783) [GFX1-]: No GPUs detected via PCI
1628201815447	Marionette	INFO	Marionette enabled

(/usr/lib/firefox/firefox:2302842): Gtk-WARNING **: 18:16:55.744: Locale not supported by C library.
	Using the fallback 'C' locale.

(/usr/lib/firefox/firefox:2302860): Gtk-WARNING **: 18:16:55.788: Locale not supported by C library.
	Using the fallback 'C' locale.
console.warn: SearchSettings: "get: No settings file exists, new profile?" (new NotFoundError("Could not open the file at /tmp/rust_mozprofileQoP4my/search.json.mozlz4", (void 0)))
1628201816817	Marionette	INFO	Listening on port 35547

(/usr/lib/firefox/firefox:2302941): Gtk-WARNING **: 18:16:56.831: Locale not supported by C library.
	Using the fallback 'C' locale.
1628201816920	Marionette	WARN	TLS certificate errors will be ignored for this session
1628201822346	Marionette	INFO	Stopped listening on port 35547
1628201869266	geckodriver	INFO	Listening on 127.0.0.1:56469
1628201869274	mozrunner::runner	INFO	Running command: "/usr/bin/firefox" "--marionette" "-foreground" "-no-remote" "-profile" "/tmp/rust_mozprofile1kwVX9"

(firefox:2303371): Gtk-WARNING **: 18:17:49.291: Locale not supported by C library.
	Using the fallback 'C' locale.
Crash Annotation GraphicsCriticalError: |[0][GFX1-]: glxtest: libpci missing (t=0.217617) [GFX1-]: glxtest: libpci missing
Crash Annotation GraphicsCriticalError: |[0][GFX1-]: glxtest: libpci missing (t=0.217617) |[1][GFX1-]: glxtest: libEGL no display (t=0.217651) [GFX1-]: glxtest: libEGL no display
Crash Annotation GraphicsCriticalError: |[0][GFX1-]: glxtest: libpci missing (t=0.217617) |[1][GFX1-]: glxtest: libEGL no display (t=0.217651) |[2][GFX1-]: glxtest: No visuals found (t=0.217658) [GFX1-]: glxtest: No visuals found
Crash Annotation GraphicsCriticalError: |[0][GFX1-]: glxtest: libpci missing (t=0.217617) |[1][GFX1-]: glxtest: libEGL no display (t=0.217651) |[2][GFX1-]: glxtest: No visuals found (t=0.217658) |[3][GFX1-]: glxtest: libEGL no display (t=0.217666) [GFX1-]: glxtest: libEGL no display
Crash Annotation GraphicsCriticalError: |[0][GFX1-]: glxtest: libpci missing (t=0.217617) |[1][GFX1-]: glxtest: libEGL no display (t=0.217651) |[2][GFX1-]: glxtest: No visuals found (t=0.217658) |[3][GFX1-]: glxtest: libEGL no display (t=0.217666) |[4][GFX1-]: No GPUs detected via PCI (t=0.217678) [GFX1-]: No GPUs detected via PCI
1628201869913	Marionette	INFO	Marionette enabled

(/usr/lib/firefox/firefox:2303454): Gtk-WARNING **: 18:17:50.215: Locale not supported by C library.
	Using the fallback 'C' locale.

(/usr/lib/firefox/firefox:2303478): Gtk-WARNING **: 18:17:50.814: Locale not supported by C library.
	Using the fallback 'C' locale.
console.warn: SearchSettings: "get: No settings file exists, new profile?" (new NotFoundError("Could not open the file at /tmp/rust_mozprofile1kwVX9/search.json.mozlz4", (void 0)))
1628201871331	Marionette	INFO	Listening on port 45775

(/usr/lib/firefox/firefox:2303550): Gtk-WARNING **: 18:17:51.349: Locale not supported by C library.
	Using the fallback 'C' locale.
1628201871401	Marionette	WARN	TLS certificate errors will be ignored for this session
1628201919641	geckodriver	INFO	Listening on 127.0.0.1:40975
1628201919650	mozrunner::runner	INFO	Running command: "/usr/bin/firefox" "--marionette" "-foreground" "-no-remote" "-profile" "/tmp/rust_mozprofileL0ymXh"

(firefox:2303960): Gtk-WARNING **: 18:18:39.667: Locale not supported by C library.
	Using the fallback 'C' locale.
Crash Annotation GraphicsCriticalError: |[0][GFX1-]: glxtest: libpci missing (t=0.23097) [GFX1-]: glxtest: libpci missing
Crash Annotation GraphicsCriticalError: |[0][GFX1-]: glxtest: libpci missing (t=0.23097) |[1][GFX1-]: glxtest: libEGL no display (t=0.231025) [GFX1-]: glxtest: libEGL no display
Crash Annotation GraphicsCriticalError: |[0][GFX1-]: glxtest: libpci missing (t=0.23097) |[1][GFX1-]: glxtest: libEGL no display (t=0.231025) |[2][GFX1-]: glxtest: No visuals found (t=0.231032) [GFX1-]: glxtest: No visuals found
Crash Annotation GraphicsCriticalError: |[0][GFX1-]: glxtest: libpci missing (t=0.23097) |[1][GFX1-]: glxtest: libEGL no display (t=0.231025) |[2][GFX1-]: glxtest: No visuals found (t=0.231032) |[3][GFX1-]: glxtest: libEGL no display (t=0.231039) [GFX1-]: glxtest: libEGL no display
Crash Annotation GraphicsCriticalError: |[0][GFX1-]: glxtest: libpci missing (t=0.23097) |[1][GFX1-]: glxtest: libEGL no display (t=0.231025) |[2][GFX1-]: glxtest: No visuals found (t=0.231032) |[3][GFX1-]: glxtest: libEGL no display (t=0.231039) |[4][GFX1-]: No GPUs detected via PCI (t=0.231049) [GFX1-]: No GPUs detected via PCI
1628201920334	Marionette	INFO	Marionette enabled

(/usr/lib/firefox/firefox:2304044): Gtk-WARNING **: 18:18:40.664: Locale not supported by C library.
	Using the fallback 'C' locale.

(/usr/lib/firefox/firefox:2304068): Gtk-WARNING **: 18:18:41.264: Locale not supported by C library.
	Using the fallback 'C' locale.
console.warn: SearchSettings: "get: No settings file exists, new profile?" (new NotFoundError("Could not open the file at /tmp/rust_mozprofileL0ymXh/search.json.mozlz4", (void 0)))
1628201921767	Marionette	INFO	Listening on port 37533

(/usr/lib/firefox/firefox:2304138): Gtk-WARNING **: 18:18:41.786: Locale not supported by C library.
	Using the fallback 'C' locale.
1628201921873	Marionette	WARN	TLS certificate errors will be ignored for this session
1628201930917	Marionette	INFO	Stopped listening on port 45775
1628202047249	geckodriver	INFO	Listening on 127.0.0.1:46849
1628202047259	mozrunner::runner	INFO	Running command: "/usr/bin/firefox" "--marionette" "-foreground" "-no-remote" "-profile" "/tmp/rust_mozprofileGczfoH"

(firefox:2304844): Gtk-WARNING **: 18:20:47.288: Locale not supported by C library.
	Using the fallback 'C' locale.
Crash Annotation GraphicsCriticalError: |[0][GFX1-]: glxtest: libpci missing (t=0.21942) [GFX1-]: glxtest: libpci missing
Crash Annotation GraphicsCriticalError: |[0][GFX1-]: glxtest: libpci missing (t=0.21942) |[1][GFX1-]: glxtest: libEGL no display (t=0.219452) [GFX1-]: glxtest: libEGL no display
Crash Annotation GraphicsCriticalError: |[0][GFX1-]: glxtest: libpci missing (t=0.21942) |[1][GFX1-]: glxtest: libEGL no display (t=0.219452) |[2][GFX1-]: glxtest: No visuals found (t=0.219458) [GFX1-]: glxtest: No visuals found
Crash Annotation GraphicsCriticalError: |[0][GFX1-]: glxtest: libpci missing (t=0.21942) |[1][GFX1-]: glxtest: libEGL no display (t=0.219452) |[2][GFX1-]: glxtest: No visuals found (t=0.219458) |[3][GFX1-]: glxtest: libEGL no display (t=0.219465) [GFX1-]: glxtest: libEGL no display
Crash Annotation GraphicsCriticalError: |[0][GFX1-]: glxtest: libpci missing (t=0.21942) |[1][GFX1-]: glxtest: libEGL no display (t=0.219452) |[2][GFX1-]: glxtest: No visuals found (t=0.219458) |[3][GFX1-]: glxtest: libEGL no display (t=0.219465) |[4][GFX1-]: No GPUs detected via PCI (t=0.219474) [GFX1-]: No GPUs detected via PCI
1628202047916	Marionette	INFO	Marionette enabled

(/usr/lib/firefox/firefox:2304929): Gtk-WARNING **: 18:20:48.237: Locale not supported by C library.
	Using the fallback 'C' locale.

(/usr/lib/firefox/firefox:2304953): Gtk-WARNING **: 18:20:48.858: Locale not supported by C library.
	Using the fallback 'C' locale.
console.warn: SearchSettings: "get: No settings file exists, new profile?" (new NotFoundError("Could not open the file at /tmp/rust_mozprofileGczfoH/search.json.mozlz4", (void 0)))
1628202049478	Marionette	INFO	Listening on port 43979

(/usr/lib/firefox/firefox:2305028): Gtk-WARNING **: 18:20:49.479: Locale not supported by C library.
	Using the fallback 'C' locale.
1628202049575	Marionette	WARN	TLS certificate errors will be ignored for this session
1628202051675	Marionette	INFO	Stopped listening on port 43979
1628202058350	geckodriver	INFO	Listening on 127.0.0.1:35709
1628202058360	mozrunner::runner	INFO	Running command: "/usr/bin/firefox" "--marionette" "-foreground" "-no-remote" "-profile" "/tmp/rust_mozprofileZqPj8t"

(firefox:2305313): Gtk-WARNING **: 18:20:58.376: Locale not supported by C library.
	Using the fallback 'C' locale.
Crash Annotation GraphicsCriticalError: |[0][GFX1-]: glxtest: libpci missing (t=0.234516) [GFX1-]: glxtest: libpci missing
Crash Annotation GraphicsCriticalError: |[0][GFX1-]: glxtest: libpci missing (t=0.234516) |[1][GFX1-]: glxtest: libEGL no display (t=0.234573) [GFX1-]: glxtest: libEGL no display
Crash Annotation GraphicsCriticalError: |[0][GFX1-]: glxtest: libpci missing (t=0.234516) |[1][GFX1-]: glxtest: libEGL no display (t=0.234573) |[2][GFX1-]: glxtest: No visuals found (t=0.23458) [GFX1-]: glxtest: No visuals found
Crash Annotation GraphicsCriticalError: |[0][GFX1-]: glxtest: libpci missing (t=0.234516) |[1][GFX1-]: glxtest: libEGL no display (t=0.234573) |[2][GFX1-]: glxtest: No visuals found (t=0.23458) |[3][GFX1-]: glxtest: libEGL no display (t=0.234586) [GFX1-]: glxtest: libEGL no display
Crash Annotation GraphicsCriticalError: |[0][GFX1-]: glxtest: libpci missing (t=0.234516) |[1][GFX1-]: glxtest: libEGL no display (t=0.234573) |[2][GFX1-]: glxtest: No visuals found (t=0.23458) |[3][GFX1-]: glxtest: libEGL no display (t=0.234586) |[4][GFX1-]: No GPUs detected via PCI (t=0.234596) [GFX1-]: No GPUs detected via PCI
1628202059049	Marionette	INFO	Marionette enabled

(/usr/lib/firefox/firefox:2305398): Gtk-WARNING **: 18:20:59.380: Locale not supported by C library.
	Using the fallback 'C' locale.

(/usr/lib/firefox/firefox:2305422): Gtk-WARNING **: 18:20:59.973: Locale not supported by C library.
	Using the fallback 'C' locale.
console.warn: SearchSettings: "get: No settings file exists, new profile?" (new NotFoundError("Could not open the file at /tmp/rust_mozprofileZqPj8t/search.json.mozlz4", (void 0)))
1628202060436	Marionette	INFO	Listening on port 38853

(/usr/lib/firefox/firefox:2305494): Gtk-WARNING **: 18:21:00.443: Locale not supported by C library.
	Using the fallback 'C' locale.
1628202060480	Marionette	WARN	TLS certificate errors will be ignored for this session
1628202064107	Marionette	INFO	Stopped listening on port 38853
1628202088941	geckodriver	INFO	Listening on 127.0.0.1:38177
1628202088951	mozrunner::runner	INFO	Running command: "/usr/bin/firefox" "--marionette" "-foreground" "-no-remote" "-profile" "/tmp/rust_mozprofilebJgfy7"

(firefox:2305879): Gtk-WARNING **: 18:21:28.980: Locale not supported by C library.
	Using the fallback 'C' locale.
Crash Annotation GraphicsCriticalError: |[0][GFX1-]: glxtest: libpci missing (t=0.226526) [GFX1-]: glxtest: libpci missing
Crash Annotation GraphicsCriticalError: |[0][GFX1-]: glxtest: libpci missing (t=0.226526) |[1][GFX1-]: glxtest: libEGL no display (t=0.226582) [GFX1-]: glxtest: libEGL no display
Crash Annotation GraphicsCriticalError: |[0][GFX1-]: glxtest: libpci missing (t=0.226526) |[1][GFX1-]: glxtest: libEGL no display (t=0.226582) |[2][GFX1-]: glxtest: No visuals found (t=0.226588) [GFX1-]: glxtest: No visuals found
Crash Annotation GraphicsCriticalError: |[0][GFX1-]: glxtest: libpci missing (t=0.226526) |[1][GFX1-]: glxtest: libEGL no display (t=0.226582) |[2][GFX1-]: glxtest: No visuals found (t=0.226588) |[3][GFX1-]: glxtest: libEGL no display (t=0.226605) [GFX1-]: glxtest: libEGL no display
Crash Annotation GraphicsCriticalError: |[0][GFX1-]: glxtest: libpci missing (t=0.226526) |[1][GFX1-]: glxtest: libEGL no display (t=0.226582) |[2][GFX1-]: glxtest: No visuals found (t=0.226588) |[3][GFX1-]: glxtest: libEGL no display (t=0.226605) |[4][GFX1-]: No GPUs detected via PCI (t=0.226616) [GFX1-]: No GPUs detected via PCI
1628202089617	Marionette	INFO	Marionette enabled

(/usr/lib/firefox/firefox:2305968): Gtk-WARNING **: 18:21:29.943: Locale not supported by C library.
	Using the fallback 'C' locale.

(/usr/lib/firefox/firefox:2306006): Gtk-WARNING **: 18:21:30.544: Locale not supported by C library.
	Using the fallback 'C' locale.
console.warn: SearchSettings: "get: No settings file exists, new profile?" (new NotFoundError("Could not open the file at /tmp/rust_mozprofilebJgfy7/search.json.mozlz4", (void 0)))
1628202091082	Marionette	INFO	Listening on port 34523

(/usr/lib/firefox/firefox:2306079): Gtk-WARNING **: 18:21:31.102: Locale not supported by C library.
	Using the fallback 'C' locale.
1628202091182	Marionette	WARN	TLS certificate errors will be ignored for this session
1628202093320	Marionette	INFO	Stopped listening on port 34523
1628202097818	geckodriver	INFO	Listening on 127.0.0.1:45913
1628202097826	mozrunner::runner	INFO	Running command: "/usr/bin/firefox" "--marionette" "-foreground" "-no-remote" "-profile" "/tmp/rust_mozprofileiZMlmk"

(firefox:2306365): Gtk-WARNING **: 18:21:37.855: Locale not supported by C library.
	Using the fallback 'C' locale.
Crash Annotation GraphicsCriticalError: |[0][GFX1-]: glxtest: libpci missing (t=0.234719) [GFX1-]: glxtest: libpci missing
Crash Annotation GraphicsCriticalError: |[0][GFX1-]: glxtest: libpci missing (t=0.234719) |[1][GFX1-]: glxtest: libEGL no display (t=0.234751) [GFX1-]: glxtest: libEGL no display
Crash Annotation GraphicsCriticalError: |[0][GFX1-]: glxtest: libpci missing (t=0.234719) |[1][GFX1-]: glxtest: libEGL no display (t=0.234751) |[2][GFX1-]: glxtest: No visuals found (t=0.234758) [GFX1-]: glxtest: No visuals found
Crash Annotation GraphicsCriticalError: |[0][GFX1-]: glxtest: libpci missing (t=0.234719) |[1][GFX1-]: glxtest: libEGL no display (t=0.234751) |[2][GFX1-]: glxtest: No visuals found (t=0.234758) |[3][GFX1-]: glxtest: libEGL no display (t=0.234765) [GFX1-]: glxtest: libEGL no display
Crash Annotation GraphicsCriticalError: |[0][GFX1-]: glxtest: libpci missing (t=0.234719) |[1][GFX1-]: glxtest: libEGL no display (t=0.234751) |[2][GFX1-]: glxtest: No visuals found (t=0.234758) |[3][GFX1-]: glxtest: libEGL no display (t=0.234765) |[4][GFX1-]: No GPUs detected via PCI (t=0.234776) [GFX1-]: No GPUs detected via PCI
1628202098533	Marionette	INFO	Marionette enabled

(/usr/lib/firefox/firefox:2306454): Gtk-WARNING **: 18:21:38.846: Locale not supported by C library.
	Using the fallback 'C' locale.

(/usr/lib/firefox/firefox:2306478): Gtk-WARNING **: 18:21:39.421: Locale not supported by C library.
	Using the fallback 'C' locale.
console.warn: SearchSettings: "get: No settings file exists, new profile?" (new NotFoundError("Could not open the file at /tmp/rust_mozprofileiZMlmk/search.json.mozlz4", (void 0)))

(/usr/lib/firefox/firefox:2306550): Gtk-WARNING **: 18:21:40.044: Locale not supported by C library.
	Using the fallback 'C' locale.
1628202100098	Marionette	INFO	Listening on port 44797
1628202100141	Marionette	WARN	TLS certificate errors will be ignored for this session
1628202103599	Marionette	INFO	Stopped listening on port 44797
1628202112403	geckodriver	INFO	Listening on 127.0.0.1:53113
1628202112412	mozrunner::runner	INFO	Running command: "/usr/bin/firefox" "--marionette" "-foreground" "-no-remote" "-profile" "/tmp/rust_mozprofile1jex6l"

(firefox:2306831): Gtk-WARNING **: 18:21:52.431: Locale not supported by C library.
	Using the fallback 'C' locale.
Crash Annotation GraphicsCriticalError: |[0][GFX1-]: glxtest: libpci missing (t=0.222212) [GFX1-]: glxtest: libpci missing
Crash Annotation GraphicsCriticalError: |[0][GFX1-]: glxtest: libpci missing (t=0.222212) |[1][GFX1-]: glxtest: libEGL no display (t=0.222243) [GFX1-]: glxtest: libEGL no display
Crash Annotation GraphicsCriticalError: |[0][GFX1-]: glxtest: libpci missing (t=0.222212) |[1][GFX1-]: glxtest: libEGL no display (t=0.222243) |[2][GFX1-]: glxtest: No visuals found (t=0.22225) [GFX1-]: glxtest: No visuals found
Crash Annotation GraphicsCriticalError: |[0][GFX1-]: glxtest: libpci missing (t=0.222212) |[1][GFX1-]: glxtest: libEGL no display (t=0.222243) |[2][GFX1-]: glxtest: No visuals found (t=0.22225) |[3][GFX1-]: glxtest: libEGL no display (t=0.222259) [GFX1-]: glxtest: libEGL no display
Crash Annotation GraphicsCriticalError: |[0][GFX1-]: glxtest: libpci missing (t=0.222212) |[1][GFX1-]: glxtest: libEGL no display (t=0.222243) |[2][GFX1-]: glxtest: No visuals found (t=0.22225) |[3][GFX1-]: glxtest: libEGL no display (t=0.222259) |[4][GFX1-]: No GPUs detected via PCI (t=0.222269) [GFX1-]: No GPUs detected via PCI
1628202113098	Marionette	INFO	Marionette enabled

(/usr/lib/firefox/firefox:2306917): Gtk-WARNING **: 18:21:53.422: Locale not supported by C library.
	Using the fallback 'C' locale.

(/usr/lib/firefox/firefox:2306941): Gtk-WARNING **: 18:21:54.006: Locale not supported by C library.
	Using the fallback 'C' locale.
console.warn: SearchSettings: "get: No settings file exists, new profile?" (new NotFoundError("Could not open the file at /tmp/rust_mozprofile1jex6l/search.json.mozlz4", (void 0)))
1628202114454	Marionette	INFO	Listening on port 44749

(/usr/lib/firefox/firefox:2307014): Gtk-WARNING **: 18:21:54.460: Locale not supported by C library.
	Using the fallback 'C' locale.
1628202114529	Marionette	WARN	TLS certificate errors will be ignored for this session
1628202117787	Marionette	INFO	Stopped listening on port 44749
console.error: services.settings: 
  main/doh-providers Signature failed  InvalidSignatureError: Invalid content signature (main/doh-providers)
console.error: services.settings: 
  main/doh-providers local data was corrupted
console.warn: services.settings: main/doh-providers Signature verified failed. Retry from scratch
console.error: services.settings: 
  main/doh-config Signature failed  InvalidSignatureError: Invalid content signature (main/doh-config)
console.error: services.settings: 
  main/doh-config local data was corrupted
console.warn: services.settings: main/doh-config Signature verified failed. Retry from scratch
console.warn: LoginRecipes: "getRecipes: falling back to a synchronous message for:" "https://asir.dev"
JavaScript error: resource://devtools/server/actors/network-monitor/network-event-actor.js, line 108: Error: Got a request https://fonts.googleapis.com/css2?family=Muli:wght@300;400;500;600 without a browsingContextID set
JavaScript error: resource://devtools/server/actors/network-monitor/network-event-actor.js, line 108: Error: Got a request https://cdnjs.cloudflare.com/ajax/libs/font-awesome/5.11.2/css/all.min.css without a browsingContextID set
1628202295455	geckodriver	INFO	Listening on 127.0.0.1:46863
1628202295464	mozrunner::runner	INFO	Running command: "/usr/bin/firefox" "--marionette" "-foreground" "-no-remote" "-profile" "/tmp/rust_mozprofileuSm9AA"

(firefox:2307830): Gtk-WARNING **: 18:24:55.490: Locale not supported by C library.
	Using the fallback 'C' locale.
Crash Annotation GraphicsCriticalError: |[0][GFX1-]: glxtest: libpci missing (t=0.215901) [GFX1-]: glxtest: libpci missing
Crash Annotation GraphicsCriticalError: |[0][GFX1-]: glxtest: libpci missing (t=0.215901) |[1][GFX1-]: glxtest: libEGL no display (t=0.215933) [GFX1-]: glxtest: libEGL no display
Crash Annotation GraphicsCriticalError: |[0][GFX1-]: glxtest: libpci missing (t=0.215901) |[1][GFX1-]: glxtest: libEGL no display (t=0.215933) |[2][GFX1-]: glxtest: No visuals found (t=0.215939) [GFX1-]: glxtest: No visuals found
Crash Annotation GraphicsCriticalError: |[0][GFX1-]: glxtest: libpci missing (t=0.215901) |[1][GFX1-]: glxtest: libEGL no display (t=0.215933) |[2][GFX1-]: glxtest: No visuals found (t=0.215939) |[3][GFX1-]: glxtest: libEGL no display (t=0.215957) [GFX1-]: glxtest: libEGL no display
Crash Annotation GraphicsCriticalError: |[0][GFX1-]: glxtest: libpci missing (t=0.215901) |[1][GFX1-]: glxtest: libEGL no display (t=0.215933) |[2][GFX1-]: glxtest: No visuals found (t=0.215939) |[3][GFX1-]: glxtest: libEGL no display (t=0.215957) |[4][GFX1-]: No GPUs detected via PCI (t=0.215969) [GFX1-]: No GPUs detected via PCI
1628202296150	Marionette	INFO	Marionette enabled

(/usr/lib/firefox/firefox:2307916): Gtk-WARNING **: 18:24:56.450: Locale not supported by C library.
	Using the fallback 'C' locale.

(/usr/lib/firefox/firefox:2307941): Gtk-WARNING **: 18:24:57.041: Locale not supported by C library.
	Using the fallback 'C' locale.
console.warn: SearchSettings: "get: No settings file exists, new profile?" (new NotFoundError("Could not open the file at /tmp/rust_mozprofileuSm9AA/search.json.mozlz4", (void 0)))
1628202297514	Marionette	INFO	Listening on port 34061

(/usr/lib/firefox/firefox:2308012): Gtk-WARNING **: 18:24:57.525: Locale not supported by C library.
	Using the fallback 'C' locale.
1628202297581	Marionette	WARN	TLS certificate errors will be ignored for this session
IPDL protocol error: Handler returned error code!

###!!! [Parent][DispatchAsyncMessage] Error: PLayerTransaction::Msg_ReleaseLayer Processing error: message was deserialized, but the handler returned false (indicating failure)

IPDL protocol error: Handler returned error code!

###!!! [Parent][DispatchAsyncMessage] Error: PLayerTransaction::Msg_ReleaseLayer Processing error: message was deserialized, but the handler returned false (indicating failure)

IPDL protocol error: Handler returned error code!

###!!! [Parent][DispatchAsyncMessage] Error: PLayerTransaction::Msg_ReleaseLayer Processing error: message was deserialized, but the handler returned false (indicating failure)

IPDL protocol error: Handler returned error code!

###!!! [Parent][DispatchAsyncMessage] Error: PLayerTransaction::Msg_ReleaseLayer Processing error: message was deserialized, but the handler returned false (indicating failure)

IPDL protocol error: Handler returned error code!

###!!! [Parent][DispatchAsyncMessage] Error: PLayerTransaction::Msg_ReleaseLayer Processing error: message was deserialized, but the handler returned false (indicating failure)

IPDL protocol error: Handler returned error code!

###!!! [Parent][DispatchAsyncMessage] Error: PLayerTransaction::Msg_ReleaseLayer Processing error: message was deserialized, but the handler returned false (indicating failure)

IPDL protocol error: Handler returned error code!

###!!! [Parent][DispatchAsyncMessage] Error: PLayerTransaction::Msg_ReleaseLayer Processing error: message was deserialized, but the handler returned false (indicating failure)

IPDL protocol error: Handler returned error code!

###!!! [Parent][DispatchAsyncMessage] Error: PLayerTransaction::Msg_ReleaseLayer Processing error: message was deserialized, but the handler returned false (indicating failure)

IPDL protocol error: Handler returned error code!

###!!! [Parent][DispatchAsyncMessage] Error: PLayerTransaction::Msg_ReleaseLayer Processing error: message was deserialized, but the handler returned false (indicating failure)

IPDL protocol error: Handler returned error code!

###!!! [Parent][DispatchAsyncMessage] Error: PLayerTransaction::Msg_ReleaseLayer Processing error: message was deserialized, but the handler returned false (indicating failure)

IPDL protocol error: Handler returned error code!

###!!! [Parent][DispatchAsyncMessage] Error: PLayerTransaction::Msg_ReleaseLayer Processing error: message was deserialized, but the handler returned false (indicating failure)

1628202299217	Marionette	INFO	Stopped listening on port 37533
1628202340160	geckodriver	INFO	Listening on 127.0.0.1:57679
1628202340171	mozrunner::runner	INFO	Running command: "/usr/bin/firefox" "--marionette" "-foreground" "-no-remote" "-profile" "/tmp/rust_mozprofileNscUfc"

(firefox:2308824): Gtk-WARNING **: 18:25:40.197: Locale not supported by C library.
	Using the fallback 'C' locale.
Crash Annotation GraphicsCriticalError: |[0][GFX1-]: glxtest: libpci missing (t=0.233405) [GFX1-]: glxtest: libpci missing
Crash Annotation GraphicsCriticalError: |[0][GFX1-]: glxtest: libpci missing (t=0.233405) |[1][GFX1-]: glxtest: libEGL no display (t=0.233436) [GFX1-]: glxtest: libEGL no display
Crash Annotation GraphicsCriticalError: |[0][GFX1-]: glxtest: libpci missing (t=0.233405) |[1][GFX1-]: glxtest: libEGL no display (t=0.233436) |[2][GFX1-]: glxtest: No visuals found (t=0.233442) [GFX1-]: glxtest: No visuals found
Crash Annotation GraphicsCriticalError: |[0][GFX1-]: glxtest: libpci missing (t=0.233405) |[1][GFX1-]: glxtest: libEGL no display (t=0.233436) |[2][GFX1-]: glxtest: No visuals found (t=0.233442) |[3][GFX1-]: glxtest: libEGL no display (t=0.233448) [GFX1-]: glxtest: libEGL no display
Crash Annotation GraphicsCriticalError: |[0][GFX1-]: glxtest: libpci missing (t=0.233405) |[1][GFX1-]: glxtest: libEGL no display (t=0.233436) |[2][GFX1-]: glxtest: No visuals found (t=0.233442) |[3][GFX1-]: glxtest: libEGL no display (t=0.233448) |[4][GFX1-]: No GPUs detected via PCI (t=0.233459) [GFX1-]: No GPUs detected via PCI
1628202340859	Marionette	INFO	Marionette enabled

(/usr/lib/firefox/firefox:2308908): Gtk-WARNING **: 18:25:41.165: Locale not supported by C library.
	Using the fallback 'C' locale.

(/usr/lib/firefox/firefox:2308932): Gtk-WARNING **: 18:25:41.789: Locale not supported by C library.
	Using the fallback 'C' locale.
console.warn: SearchSettings: "get: No settings file exists, new profile?" (new NotFoundError("Could not open the file at /tmp/rust_mozprofileNscUfc/search.json.mozlz4", (void 0)))

(/usr/lib/firefox/firefox:2309001): Gtk-WARNING **: 18:25:42.269: Locale not supported by C library.
	Using the fallback 'C' locale.
1628202342281	Marionette	INFO	Listening on port 45021
1628202342394	Marionette	WARN	TLS certificate errors will be ignored for this session
1628202351481	geckodriver	INFO	Listening on 127.0.0.1:52835
1628202351490	mozrunner::runner	INFO	Running command: "/usr/bin/firefox" "--marionette" "-foreground" "-no-remote" "-profile" "/tmp/rust_mozprofileSWKUgP"

(firefox:2309316): Gtk-WARNING **: 18:25:51.516: Locale not supported by C library.
	Using the fallback 'C' locale.
Crash Annotation GraphicsCriticalError: |[0][GFX1-]: glxtest: libpci missing (t=0.227504) [GFX1-]: glxtest: libpci missing
Crash Annotation GraphicsCriticalError: |[0][GFX1-]: glxtest: libpci missing (t=0.227504) |[1][GFX1-]: glxtest: libEGL no display (t=0.227533) [GFX1-]: glxtest: libEGL no display
Crash Annotation GraphicsCriticalError: |[0][GFX1-]: glxtest: libpci missing (t=0.227504) |[1][GFX1-]: glxtest: libEGL no display (t=0.227533) |[2][GFX1-]: glxtest: No visuals found (t=0.22754) [GFX1-]: glxtest: No visuals found
Crash Annotation GraphicsCriticalError: |[0][GFX1-]: glxtest: libpci missing (t=0.227504) |[1][GFX1-]: glxtest: libEGL no display (t=0.227533) |[2][GFX1-]: glxtest: No visuals found (t=0.22754) |[3][GFX1-]: glxtest: libEGL no display (t=0.227546) [GFX1-]: glxtest: libEGL no display
Crash Annotation GraphicsCriticalError: |[0][GFX1-]: glxtest: libpci missing (t=0.227504) |[1][GFX1-]: glxtest: libEGL no display (t=0.227533) |[2][GFX1-]: glxtest: No visuals found (t=0.22754) |[3][GFX1-]: glxtest: libEGL no display (t=0.227546) |[4][GFX1-]: No GPUs detected via PCI (t=0.227557) [GFX1-]: No GPUs detected via PCI
1628202352174	Marionette	INFO	Marionette enabled

(/usr/lib/firefox/firefox:2309407): Gtk-WARNING **: 18:25:52.467: Locale not supported by C library.
	Using the fallback 'C' locale.

(/usr/lib/firefox/firefox:2309434): Gtk-WARNING **: 18:25:53.045: Locale not supported by C library.
	Using the fallback 'C' locale.
console.warn: SearchSettings: "get: No settings file exists, new profile?" (new NotFoundError("Could not open the file at /tmp/rust_mozprofileSWKUgP/search.json.mozlz4", (void 0)))

(/usr/lib/firefox/firefox:2309519): Gtk-WARNING **: 18:25:53.624: Locale not supported by C library.
	Using the fallback 'C' locale.
1628202353631	Marionette	INFO	Listening on port 34179
1628202353715	Marionette	WARN	TLS certificate errors will be ignored for this session
JavaScript error: resource://devtools/server/actors/network-monitor/network-event-actor.js, line 108: Error: Got a request https://fonts.googleapis.com/css2?family=Muli:wght@300;400;500;600 without a browsingContextID set
JavaScript error: resource://devtools/server/actors/network-monitor/network-event-actor.js, line 108: Error: Got a request https://cdnjs.cloudflare.com/ajax/libs/font-awesome/5.11.2/css/all.min.css without a browsingContextID set
1628202388427	Marionette	INFO	Stopped listening on port 34179
1628202391983	Marionette	INFO	Stopped listening on port 45021
1628202393367	Marionette	INFO	Stopped listening on port 34061

(firefox:2309316): GLib-CRITICAL **: 18:26:38.909: Source ID 2809 was not found when attempting to remove it
1628202441211	geckodriver	INFO	Listening on 127.0.0.1:46249
1628202441221	mozrunner::runner	INFO	Running command: "/usr/bin/firefox" "--marionette" "-foreground" "-no-remote" "-profile" "/tmp/rust_mozprofileyAEbLj"

(firefox:2311981): Gtk-WARNING **: 18:27:21.254: Locale not supported by C library.
	Using the fallback 'C' locale.
Crash Annotation GraphicsCriticalError: |[0][GFX1-]: glxtest: libpci missing (t=0.226113) [GFX1-]: glxtest: libpci missing
Crash Annotation GraphicsCriticalError: |[0][GFX1-]: glxtest: libpci missing (t=0.226113) |[1][GFX1-]: glxtest: libEGL no display (t=0.226144) [GFX1-]: glxtest: libEGL no display
Crash Annotation GraphicsCriticalError: |[0][GFX1-]: glxtest: libpci missing (t=0.226113) |[1][GFX1-]: glxtest: libEGL no display (t=0.226144) |[2][GFX1-]: glxtest: No visuals found (t=0.226151) [GFX1-]: glxtest: No visuals found
Crash Annotation GraphicsCriticalError: |[0][GFX1-]: glxtest: libpci missing (t=0.226113) |[1][GFX1-]: glxtest: libEGL no display (t=0.226144) |[2][GFX1-]: glxtest: No visuals found (t=0.226151) |[3][GFX1-]: glxtest: libEGL no display (t=0.226157) [GFX1-]: glxtest: libEGL no display
Crash Annotation GraphicsCriticalError: |[0][GFX1-]: glxtest: libpci missing (t=0.226113) |[1][GFX1-]: glxtest: libEGL no display (t=0.226144) |[2][GFX1-]: glxtest: No visuals found (t=0.226151) |[3][GFX1-]: glxtest: libEGL no display (t=0.226157) |[4][GFX1-]: No GPUs detected via PCI (t=0.226168) [GFX1-]: No GPUs detected via PCI
1628202441903	Marionette	INFO	Marionette enabled

(/usr/lib/firefox/firefox:2312070): Gtk-WARNING **: 18:27:22.236: Locale not supported by C library.
	Using the fallback 'C' locale.

(/usr/lib/firefox/firefox:2312094): Gtk-WARNING **: 18:27:22.837: Locale not supported by C library.
	Using the fallback 'C' locale.
console.warn: SearchSettings: "get: No settings file exists, new profile?" (new NotFoundError("Could not open the file at /tmp/rust_mozprofileyAEbLj/search.json.mozlz4", (void 0)))
1628202443360	Marionette	INFO	Listening on port 40153

(/usr/lib/firefox/firefox:2312165): Gtk-WARNING **: 18:27:23.380: Locale not supported by C library.
	Using the fallback 'C' locale.
1628202443447	Marionette	WARN	TLS certificate errors will be ignored for this session
1628202447601	Marionette	INFO	Stopped listening on port 40153
1628202447753	geckodriver	INFO	Listening on 127.0.0.1:43083
1628202447762	mozrunner::runner	INFO	Running command: "/usr/bin/firefox" "--marionette" "-foreground" "-no-remote" "-profile" "/tmp/rust_mozprofileqMaQx7"

(firefox:2312441): Gtk-WARNING **: 18:27:27.779: Locale not supported by C library.
	Using the fallback 'C' locale.
Crash Annotation GraphicsCriticalError: |[0][GFX1-]: glxtest: libpci missing (t=0.244436) [GFX1-]: glxtest: libpci missing
Crash Annotation GraphicsCriticalError: |[0][GFX1-]: glxtest: libpci missing (t=0.244436) |[1][GFX1-]: glxtest: libEGL no display (t=0.244468) [GFX1-]: glxtest: libEGL no display
Crash Annotation GraphicsCriticalError: |[0][GFX1-]: glxtest: libpci missing (t=0.244436) |[1][GFX1-]: glxtest: libEGL no display (t=0.244468) |[2][GFX1-]: glxtest: No visuals found (t=0.244474) [GFX1-]: glxtest: No visuals found
Crash Annotation GraphicsCriticalError: |[0][GFX1-]: glxtest: libpci missing (t=0.244436) |[1][GFX1-]: glxtest: libEGL no display (t=0.244468) |[2][GFX1-]: glxtest: No visuals found (t=0.244474) |[3][GFX1-]: glxtest: libEGL no display (t=0.244491) [GFX1-]: glxtest: libEGL no display
Crash Annotation GraphicsCriticalError: |[0][GFX1-]: glxtest: libpci missing (t=0.244436) |[1][GFX1-]: glxtest: libEGL no display (t=0.244468) |[2][GFX1-]: glxtest: No visuals found (t=0.244474) |[3][GFX1-]: glxtest: libEGL no display (t=0.244491) |[4][GFX1-]: No GPUs detected via PCI (t=0.244501) [GFX1-]: No GPUs detected via PCI
1628202448443	Marionette	INFO	Marionette enabled

(/usr/lib/firefox/firefox:2312539): Gtk-WARNING **: 18:27:28.781: Locale not supported by C library.
	Using the fallback 'C' locale.

(/usr/lib/firefox/firefox:2312564): Gtk-WARNING **: 18:27:29.400: Locale not supported by C library.
	Using the fallback 'C' locale.
console.warn: SearchSettings: "get: No settings file exists, new profile?" (new NotFoundError("Could not open the file at /tmp/rust_mozprofileqMaQx7/search.json.mozlz4", (void 0)))
1628202449942	Marionette	INFO	Listening on port 46595

(/usr/lib/firefox/firefox:2312647): Gtk-WARNING **: 18:27:29.948: Locale not supported by C library.
	Using the fallback 'C' locale.
1628202449991	Marionette	WARN	TLS certificate errors will be ignored for this session
1628202451496	Marionette	INFO	Stopped listening on port 46595
1628202786984	geckodriver	INFO	Listening on 127.0.0.1:51735
1628202786993	mozrunner::runner	INFO	Running command: "/usr/bin/firefox" "--marionette" "-foreground" "-no-remote" "-profile" "/tmp/rust_mozprofile0wsnNw"

(firefox:2315596): Gtk-WARNING **: 18:33:07.010: Locale not supported by C library.
	Using the fallback 'C' locale.
Crash Annotation GraphicsCriticalError: |[0][GFX1-]: glxtest: libpci missing (t=0.230412) [GFX1-]: glxtest: libpci missing
Crash Annotation GraphicsCriticalError: |[0][GFX1-]: glxtest: libpci missing (t=0.230412) |[1][GFX1-]: glxtest: libEGL no display (t=0.230442) [GFX1-]: glxtest: libEGL no display
Crash Annotation GraphicsCriticalError: |[0][GFX1-]: glxtest: libpci missing (t=0.230412) |[1][GFX1-]: glxtest: libEGL no display (t=0.230442) |[2][GFX1-]: glxtest: No visuals found (t=0.230449) [GFX1-]: glxtest: No visuals found
Crash Annotation GraphicsCriticalError: |[0][GFX1-]: glxtest: libpci missing (t=0.230412) |[1][GFX1-]: glxtest: libEGL no display (t=0.230442) |[2][GFX1-]: glxtest: No visuals found (t=0.230449) |[3][GFX1-]: glxtest: libEGL no display (t=0.230455) [GFX1-]: glxtest: libEGL no display
Crash Annotation GraphicsCriticalError: |[0][GFX1-]: glxtest: libpci missing (t=0.230412) |[1][GFX1-]: glxtest: libEGL no display (t=0.230442) |[2][GFX1-]: glxtest: No visuals found (t=0.230449) |[3][GFX1-]: glxtest: libEGL no display (t=0.230455) |[4][GFX1-]: No GPUs detected via PCI (t=0.230466) [GFX1-]: No GPUs detected via PCI
1628202787624	Marionette	INFO	Marionette enabled

(/usr/lib/firefox/firefox:2315681): Gtk-WARNING **: 18:33:07.904: Locale not supported by C library.
	Using the fallback 'C' locale.

(/usr/lib/firefox/firefox:2315705): Gtk-WARNING **: 18:33:08.530: Locale not supported by C library.
	Using the fallback 'C' locale.
console.warn: SearchSettings: "get: No settings file exists, new profile?" (new NotFoundError("Could not open the file at /tmp/rust_mozprofile0wsnNw/search.json.mozlz4", (void 0)))
1628202789007	Marionette	INFO	Listening on port 37829

(/usr/lib/firefox/firefox:2315776): Gtk-WARNING **: 18:33:09.026: Locale not supported by C library.
	Using the fallback 'C' locale.
1628202789118	Marionette	WARN	TLS certificate errors will be ignored for this session
JavaScript error: resource://devtools/server/actors/network-monitor/network-event-actor.js, line 108: Error: Got a request https://fonts.googleapis.com/css2?family=Muli:wght@300;400;500;600 without a browsingContextID set
JavaScript error: resource://devtools/server/actors/network-monitor/network-event-actor.js, line 108: Error: Got a request https://cdnjs.cloudflare.com/ajax/libs/font-awesome/5.11.2/css/all.min.css without a browsingContextID set

(/usr/lib/firefox/firefox:2315888): Gtk-WARNING **: 18:33:30.499: Locale not supported by C library.
	Using the fallback 'C' locale.
console.error: "Error writing request: getGrids"
1628202871125	geckodriver	INFO	Listening on 127.0.0.1:38195
1628202871134	mozrunner::runner	INFO	Running command: "/usr/bin/firefox" "--marionette" "-foreground" "-no-remote" "-profile" "/tmp/rust_mozprofileln6g65"

(firefox:2316287): Gtk-WARNING **: 18:34:31.152: Locale not supported by C library.
	Using the fallback 'C' locale.
Crash Annotation GraphicsCriticalError: |[0][GFX1-]: glxtest: libpci missing (t=0.224796) [GFX1-]: glxtest: libpci missing
Crash Annotation GraphicsCriticalError: |[0][GFX1-]: glxtest: libpci missing (t=0.224796) |[1][GFX1-]: glxtest: libEGL no display (t=0.224828) [GFX1-]: glxtest: libEGL no display
Crash Annotation GraphicsCriticalError: |[0][GFX1-]: glxtest: libpci missing (t=0.224796) |[1][GFX1-]: glxtest: libEGL no display (t=0.224828) |[2][GFX1-]: glxtest: No visuals found (t=0.224834) [GFX1-]: glxtest: No visuals found
Crash Annotation GraphicsCriticalError: |[0][GFX1-]: glxtest: libpci missing (t=0.224796) |[1][GFX1-]: glxtest: libEGL no display (t=0.224828) |[2][GFX1-]: glxtest: No visuals found (t=0.224834) |[3][GFX1-]: glxtest: libEGL no display (t=0.22484) [GFX1-]: glxtest: libEGL no display
Crash Annotation GraphicsCriticalError: |[0][GFX1-]: glxtest: libpci missing (t=0.224796) |[1][GFX1-]: glxtest: libEGL no display (t=0.224828) |[2][GFX1-]: glxtest: No visuals found (t=0.224834) |[3][GFX1-]: glxtest: libEGL no display (t=0.22484) |[4][GFX1-]: No GPUs detected via PCI (t=0.22485) [GFX1-]: No GPUs detected via PCI
1628202871803	Marionette	INFO	Marionette enabled

(/usr/lib/firefox/firefox:2316370): Gtk-WARNING **: 18:34:32.112: Locale not supported by C library.
	Using the fallback 'C' locale.

(/usr/lib/firefox/firefox:2316389): Gtk-WARNING **: 18:34:32.185: Locale not supported by C library.
	Using the fallback 'C' locale.
console.warn: SearchSettings: "get: No settings file exists, new profile?" (new NotFoundError("Could not open the file at /tmp/rust_mozprofileln6g65/search.json.mozlz4", (void 0)))
1628202872722	Marionette	INFO	Listening on port 44011
1628202872748	Marionette	WARN	TLS certificate errors will be ignored for this session

(/usr/lib/firefox/firefox:2316489): Gtk-WARNING **: 18:34:33.101: Locale not supported by C library.
	Using the fallback 'C' locale.
1628202876633	Marionette	INFO	Stopped listening on port 44011

(/usr/lib/firefox/firefox:2316541): Gtk-WARNING **: 18:34:41.349: Locale not supported by C library.
	Using the fallback 'C' locale.

(/usr/lib/firefox/firefox:2316701): Gtk-WARNING **: 18:35:30.458: Locale not supported by C library.
	Using the fallback 'C' locale.
1628202996644	geckodriver	INFO	Listening on 127.0.0.1:54521
1628202996654	mozrunner::runner	INFO	Running command: "/usr/bin/firefox" "--marionette" "-foreground" "-no-remote" "-profile" "/tmp/rust_mozprofileVEMcO3"

(firefox:2317120): Gtk-WARNING **: 18:36:36.682: Locale not supported by C library.
	Using the fallback 'C' locale.
Crash Annotation GraphicsCriticalError: |[0][GFX1-]: glxtest: libpci missing (t=0.221657) [GFX1-]: glxtest: libpci missing
Crash Annotation GraphicsCriticalError: |[0][GFX1-]: glxtest: libpci missing (t=0.221657) |[1][GFX1-]: glxtest: libEGL no display (t=0.221688) [GFX1-]: glxtest: libEGL no display
Crash Annotation GraphicsCriticalError: |[0][GFX1-]: glxtest: libpci missing (t=0.221657) |[1][GFX1-]: glxtest: libEGL no display (t=0.221688) |[2][GFX1-]: glxtest: No visuals found (t=0.221694) [GFX1-]: glxtest: No visuals found
Crash Annotation GraphicsCriticalError: |[0][GFX1-]: glxtest: libpci missing (t=0.221657) |[1][GFX1-]: glxtest: libEGL no display (t=0.221688) |[2][GFX1-]: glxtest: No visuals found (t=0.221694) |[3][GFX1-]: glxtest: libEGL no display (t=0.2217) [GFX1-]: glxtest: libEGL no display
Crash Annotation GraphicsCriticalError: |[0][GFX1-]: glxtest: libpci missing (t=0.221657) |[1][GFX1-]: glxtest: libEGL no display (t=0.221688) |[2][GFX1-]: glxtest: No visuals found (t=0.221694) |[3][GFX1-]: glxtest: libEGL no display (t=0.2217) |[4][GFX1-]: No GPUs detected via PCI (t=0.221709) [GFX1-]: No GPUs detected via PCI
1628202997317	Marionette	INFO	Marionette enabled

(/usr/lib/firefox/firefox:2317206): Gtk-WARNING **: 18:36:37.632: Locale not supported by C library.
	Using the fallback 'C' locale.

(/usr/lib/firefox/firefox:2317230): Gtk-WARNING **: 18:36:38.220: Locale not supported by C library.
	Using the fallback 'C' locale.
console.warn: SearchSettings: "get: No settings file exists, new profile?" (new NotFoundError("Could not open the file at /tmp/rust_mozprofileVEMcO3/search.json.mozlz4", (void 0)))

(/usr/lib/firefox/firefox:2317302): Gtk-WARNING **: 18:36:38.762: Locale not supported by C library.
	Using the fallback 'C' locale.
1628202998780	Marionette	INFO	Listening on port 45589
1628202998881	Marionette	WARN	TLS certificate errors will be ignored for this session
1628203009461	Marionette	INFO	Stopped listening on port 45589
console.error: services.settings: 
  main/doh-providers Signature failed  InvalidSignatureError: Invalid content signature (main/doh-providers)
console.error: services.settings: 
  main/doh-providers local data was corrupted
console.warn: services.settings: main/doh-providers Signature verified failed. Retry from scratch
console.error: services.settings: 
  main/doh-config Signature failed  InvalidSignatureError: Invalid content signature (main/doh-config)
console.error: services.settings: 
  main/doh-config local data was corrupted
console.warn: services.settings: main/doh-config Signature verified failed. Retry from scratch
1628203209427	geckodriver	INFO	Listening on 127.0.0.1:39487
1628203209436	mozrunner::runner	INFO	Running command: "/usr/bin/firefox" "--marionette" "-foreground" "-no-remote" "-profile" "/tmp/rust_mozprofileNduwuH"

(firefox:2318041): Gtk-WARNING **: 18:40:09.466: Locale not supported by C library.
	Using the fallback 'C' locale.
Crash Annotation GraphicsCriticalError: |[0][GFX1-]: glxtest: libpci missing (t=0.236589) [GFX1-]: glxtest: libpci missing
Crash Annotation GraphicsCriticalError: |[0][GFX1-]: glxtest: libpci missing (t=0.236589) |[1][GFX1-]: glxtest: libEGL no display (t=0.236623) [GFX1-]: glxtest: libEGL no display
Crash Annotation GraphicsCriticalError: |[0][GFX1-]: glxtest: libpci missing (t=0.236589) |[1][GFX1-]: glxtest: libEGL no display (t=0.236623) |[2][GFX1-]: glxtest: No visuals found (t=0.236629) [GFX1-]: glxtest: No visuals found
Crash Annotation GraphicsCriticalError: |[0][GFX1-]: glxtest: libpci missing (t=0.236589) |[1][GFX1-]: glxtest: libEGL no display (t=0.236623) |[2][GFX1-]: glxtest: No visuals found (t=0.236629) |[3][GFX1-]: glxtest: libEGL no display (t=0.236635) [GFX1-]: glxtest: libEGL no display
Crash Annotation GraphicsCriticalError: |[0][GFX1-]: glxtest: libpci missing (t=0.236589) |[1][GFX1-]: glxtest: libEGL no display (t=0.236623) |[2][GFX1-]: glxtest: No visuals found (t=0.236629) |[3][GFX1-]: glxtest: libEGL no display (t=0.236635) |[4][GFX1-]: No GPUs detected via PCI (t=0.236648) [GFX1-]: No GPUs detected via PCI
1628203210136	Marionette	INFO	Marionette enabled

(/usr/lib/firefox/firefox:2318126): Gtk-WARNING **: 18:40:10.424: Locale not supported by C library.
	Using the fallback 'C' locale.

(/usr/lib/firefox/firefox:2318151): Gtk-WARNING **: 18:40:11.062: Locale not supported by C library.
	Using the fallback 'C' locale.
console.warn: SearchSettings: "get: No settings file exists, new profile?" (new NotFoundError("Could not open the file at /tmp/rust_mozprofileNduwuH/search.json.mozlz4", (void 0)))

(/usr/lib/firefox/firefox:2318226): Gtk-WARNING **: 18:40:11.616: Locale not supported by C library.
	Using the fallback 'C' locale.
1628203211651	Marionette	INFO	Listening on port 33619
1628203211761	Marionette	WARN	TLS certificate errors will be ignored for this session
JavaScript error: resource://gre/actors/AutoCompleteChild.jsm, line 125: Error: Invalid autocomplete selectedIndex
JavaScript error: resource://devtools/server/actors/network-monitor/network-event-actor.js, line 108: Error: Got a request https://fonts.googleapis.com/css2?family=Muli:wght@300;400;500;600 without a browsingContextID set
JavaScript error: resource://devtools/server/actors/network-monitor/network-event-actor.js, line 108: Error: Got a request https://cdnjs.cloudflare.com/ajax/libs/font-awesome/5.11.2/css/all.min.css without a browsingContextID set
console.warn: LoginRecipes: "getRecipes: falling back to a synchronous message for:" "https://asir.dev"
JavaScript error: resource://gre/modules/LoginManagerParent.jsm, line 126: TypeError: gRecipeManager is null

(/usr/lib/firefox/firefox:2318717): Gtk-WARNING **: 18:43:42.954: Locale not supported by C library.
	Using the fallback 'C' locale.
1628203446166	geckodriver	INFO	Listening on 127.0.0.1:41191
1628203446175	mozrunner::runner	INFO	Running command: "/usr/bin/firefox" "--marionette" "-foreground" "-no-remote" "-profile" "/tmp/rust_mozprofileq0nFyX"

(firefox:2318997): Gtk-WARNING **: 18:44:06.192: Locale not supported by C library.
	Using the fallback 'C' locale.
Crash Annotation GraphicsCriticalError: |[0][GFX1-]: glxtest: libpci missing (t=0.224281) [GFX1-]: glxtest: libpci missing
Crash Annotation GraphicsCriticalError: |[0][GFX1-]: glxtest: libpci missing (t=0.224281) |[1][GFX1-]: glxtest: libEGL no display (t=0.224311) [GFX1-]: glxtest: libEGL no display
Crash Annotation GraphicsCriticalError: |[0][GFX1-]: glxtest: libpci missing (t=0.224281) |[1][GFX1-]: glxtest: libEGL no display (t=0.224311) |[2][GFX1-]: glxtest: No visuals found (t=0.224317) [GFX1-]: glxtest: No visuals found
Crash Annotation GraphicsCriticalError: |[0][GFX1-]: glxtest: libpci missing (t=0.224281) |[1][GFX1-]: glxtest: libEGL no display (t=0.224311) |[2][GFX1-]: glxtest: No visuals found (t=0.224317) |[3][GFX1-]: glxtest: libEGL no display (t=0.224323) [GFX1-]: glxtest: libEGL no display
Crash Annotation GraphicsCriticalError: |[0][GFX1-]: glxtest: libpci missing (t=0.224281) |[1][GFX1-]: glxtest: libEGL no display (t=0.224311) |[2][GFX1-]: glxtest: No visuals found (t=0.224317) |[3][GFX1-]: glxtest: libEGL no display (t=0.224323) |[4][GFX1-]: No GPUs detected via PCI (t=0.224336) [GFX1-]: No GPUs detected via PCI
1628203446860	Marionette	INFO	Marionette enabled

(/usr/lib/firefox/firefox:2319081): Gtk-WARNING **: 18:44:07.164: Locale not supported by C library.
	Using the fallback 'C' locale.

(/usr/lib/firefox/firefox:2319099): Gtk-WARNING **: 18:44:07.212: Locale not supported by C library.
	Using the fallback 'C' locale.
console.warn: SearchSettings: "get: No settings file exists, new profile?" (new NotFoundError("Could not open the file at /tmp/rust_mozprofileq0nFyX/search.json.mozlz4", (void 0)))
1628203448292	Marionette	INFO	Listening on port 40273

(/usr/lib/firefox/firefox:2319190): Gtk-WARNING **: 18:44:08.309: Locale not supported by C library.
	Using the fallback 'C' locale.
1628203448416	Marionette	WARN	TLS certificate errors will be ignored for this session

(/usr/lib/firefox/firefox:2319261): Gtk-WARNING **: 18:44:14.206: Locale not supported by C library.
	Using the fallback 'C' locale.

(/usr/lib/firefox/firefox:2319290): Gtk-WARNING **: 18:44:14.556: Locale not supported by C library.
	Using the fallback 'C' locale.
1628203458408	Marionette	INFO	Stopped listening on port 40273
IPDL protocol error: Handler returned error code!

###!!! [Parent][DispatchAsyncMessage] Error: PLayerTransaction::Msg_ReleaseLayer Processing error: message was deserialized, but the handler returned false (indicating failure)

IPDL protocol error: Handler returned error code!

###!!! [Parent][DispatchAsyncMessage] Error: PLayerTransaction::Msg_ReleaseLayer Processing error: message was deserialized, but the handler returned false (indicating failure)

IPDL protocol error: Handler returned error code!

###!!! [Parent][DispatchAsyncMessage] Error: PLayerTransaction::Msg_ReleaseLayer Processing error: message was deserialized, but the handler returned false (indicating failure)

IPDL protocol error: Handler returned error code!

###!!! [Parent][DispatchAsyncMessage] Error: PLayerTransaction::Msg_ReleaseLayer Processing error: message was deserialized, but the handler returned false (indicating failure)

IPDL protocol error: Handler returned error code!

###!!! [Parent][DispatchAsyncMessage] Error: PLayerTransaction::Msg_ReleaseLayer Processing error: message was deserialized, but the handler returned false (indicating failure)

IPDL protocol error: Handler returned error code!

###!!! [Parent][DispatchAsyncMessage] Error: PLayerTransaction::Msg_ReleaseLayer Processing error: message was deserialized, but the handler returned false (indicating failure)

IPDL protocol error: Handler returned error code!

###!!! [Parent][DispatchAsyncMessage] Error: PLayerTransaction::Msg_ReleaseLayer Processing error: message was deserialized, but the handler returned false (indicating failure)

IPDL protocol error: Handler returned error code!

###!!! [Parent][DispatchAsyncMessage] Error: PLayerTransaction::Msg_ReleaseLayer Processing error: message was deserialized, but the handler returned false (indicating failure)

IPDL protocol error: Handler returned error code!

###!!! [Parent][DispatchAsyncMessage] Error: PLayerTransaction::Msg_ReleaseLayer Processing error: message was deserialized, but the handler returned false (indicating failure)

IPDL protocol error: Handler returned error code!

###!!! [Parent][DispatchAsyncMessage] Error: PLayerTransaction::Msg_ReleaseLayer Processing error: message was deserialized, but the handler returned false (indicating failure)

IPDL protocol error: Handler returned error code!

###!!! [Parent][DispatchAsyncMessage] Error: PLayerTransaction::Msg_ReleaseLayer Processing error: message was deserialized, but the handler returned false (indicating failure)

1628203459899	Marionette	INFO	Stopped listening on port 33619
1628203547980	geckodriver	INFO	Listening on 127.0.0.1:36317
1628203547989	mozrunner::runner	INFO	Running command: "/usr/bin/firefox" "--marionette" "-foreground" "-no-remote" "-profile" "/tmp/rust_mozprofileiLjOdV"

(firefox:2319835): Gtk-WARNING **: 18:45:48.007: Locale not supported by C library.
	Using the fallback 'C' locale.
Crash Annotation GraphicsCriticalError: |[0][GFX1-]: glxtest: libpci missing (t=0.234431) [GFX1-]: glxtest: libpci missing
Crash Annotation GraphicsCriticalError: |[0][GFX1-]: glxtest: libpci missing (t=0.234431) |[1][GFX1-]: glxtest: libEGL no display (t=0.234463) [GFX1-]: glxtest: libEGL no display
Crash Annotation GraphicsCriticalError: |[0][GFX1-]: glxtest: libpci missing (t=0.234431) |[1][GFX1-]: glxtest: libEGL no display (t=0.234463) |[2][GFX1-]: glxtest: No visuals found (t=0.234469) [GFX1-]: glxtest: No visuals found
Crash Annotation GraphicsCriticalError: |[0][GFX1-]: glxtest: libpci missing (t=0.234431) |[1][GFX1-]: glxtest: libEGL no display (t=0.234463) |[2][GFX1-]: glxtest: No visuals found (t=0.234469) |[3][GFX1-]: glxtest: libEGL no display (t=0.234476) [GFX1-]: glxtest: libEGL no display
Crash Annotation GraphicsCriticalError: |[0][GFX1-]: glxtest: libpci missing (t=0.234431) |[1][GFX1-]: glxtest: libEGL no display (t=0.234463) |[2][GFX1-]: glxtest: No visuals found (t=0.234469) |[3][GFX1-]: glxtest: libEGL no display (t=0.234476) |[4][GFX1-]: No GPUs detected via PCI (t=0.234488) [GFX1-]: No GPUs detected via PCI
1628203548580	Marionette	INFO	Marionette enabled

(/usr/lib/firefox/firefox:2319918): Gtk-WARNING **: 18:45:48.869: Locale not supported by C library.
	Using the fallback 'C' locale.

(/usr/lib/firefox/firefox:2319938): Gtk-WARNING **: 18:45:48.938: Locale not supported by C library.
	Using the fallback 'C' locale.
console.warn: SearchSettings: "get: No settings file exists, new profile?" (new NotFoundError("Could not open the file at /tmp/rust_mozprofileiLjOdV/search.json.mozlz4", (void 0)))
1628203550016	Marionette	INFO	Listening on port 45519

(/usr/lib/firefox/firefox:2320012): Gtk-WARNING **: 18:45:50.023: Locale not supported by C library.
	Using the fallback 'C' locale.
1628203550106	Marionette	WARN	TLS certificate errors will be ignored for this session
1628203554233	Marionette	INFO	Stopped listening on port 45519
1628203674014	geckodriver	INFO	Listening on 127.0.0.1:53611
1628203674024	mozrunner::runner	INFO	Running command: "/usr/bin/firefox" "--marionette" "-foreground" "-no-remote" "-profile" "/tmp/rust_mozprofilelqlLPa"

(firefox:2320593): Gtk-WARNING **: 18:47:54.042: Locale not supported by C library.
	Using the fallback 'C' locale.
Crash Annotation GraphicsCriticalError: |[0][GFX1-]: glxtest: libpci missing (t=0.212803) [GFX1-]: glxtest: libpci missing
Crash Annotation GraphicsCriticalError: |[0][GFX1-]: glxtest: libpci missing (t=0.212803) |[1][GFX1-]: glxtest: libEGL no display (t=0.212836) [GFX1-]: glxtest: libEGL no display
Crash Annotation GraphicsCriticalError: |[0][GFX1-]: glxtest: libpci missing (t=0.212803) |[1][GFX1-]: glxtest: libEGL no display (t=0.212836) |[2][GFX1-]: glxtest: No visuals found (t=0.212842) [GFX1-]: glxtest: No visuals found
Crash Annotation GraphicsCriticalError: |[0][GFX1-]: glxtest: libpci missing (t=0.212803) |[1][GFX1-]: glxtest: libEGL no display (t=0.212836) |[2][GFX1-]: glxtest: No visuals found (t=0.212842) |[3][GFX1-]: glxtest: libEGL no display (t=0.212849) [GFX1-]: glxtest: libEGL no display
Crash Annotation GraphicsCriticalError: |[0][GFX1-]: glxtest: libpci missing (t=0.212803) |[1][GFX1-]: glxtest: libEGL no display (t=0.212836) |[2][GFX1-]: glxtest: No visuals found (t=0.212842) |[3][GFX1-]: glxtest: libEGL no display (t=0.212849) |[4][GFX1-]: No GPUs detected via PCI (t=0.212862) [GFX1-]: No GPUs detected via PCI
1628203674674	Marionette	INFO	Marionette enabled

(/usr/lib/firefox/firefox:2320677): Gtk-WARNING **: 18:47:54.968: Locale not supported by C library.
	Using the fallback 'C' locale.

(/usr/lib/firefox/firefox:2320701): Gtk-WARNING **: 18:47:55.581: Locale not supported by C library.
	Using the fallback 'C' locale.
console.warn: SearchSettings: "get: No settings file exists, new profile?" (new NotFoundError("Could not open the file at /tmp/rust_mozprofilelqlLPa/search.json.mozlz4", (void 0)))

(/usr/lib/firefox/firefox:2320771): Gtk-WARNING **: 18:47:56.203: Locale not supported by C library.
	Using the fallback 'C' locale.
1628203676248	Marionette	INFO	Listening on port 33431
1628203676360	Marionette	WARN	TLS certificate errors will be ignored for this session
1628203678087	Marionette	INFO	Stopped listening on port 33431

(/usr/lib/firefox/firefox:2321184): Gtk-WARNING **: 18:49:57.839: Locale not supported by C library.
	Using the fallback 'C' locale.
1628203952876	geckodriver	INFO	Listening on 127.0.0.1:36327
1628203952885	mozrunner::runner	INFO	Running command: "/usr/bin/firefox" "--marionette" "-foreground" "-no-remote" "-profile" "/tmp/rust_mozprofiletOR9fz"

(firefox:2321812): Gtk-WARNING **: 18:52:32.915: Locale not supported by C library.
	Using the fallback 'C' locale.
Crash Annotation GraphicsCriticalError: |[0][GFX1-]: glxtest: libpci missing (t=0.242179) [GFX1-]: glxtest: libpci missing
Crash Annotation GraphicsCriticalError: |[0][GFX1-]: glxtest: libpci missing (t=0.242179) |[1][GFX1-]: glxtest: libEGL no display (t=0.242218) [GFX1-]: glxtest: libEGL no display
Crash Annotation GraphicsCriticalError: |[0][GFX1-]: glxtest: libpci missing (t=0.242179) |[1][GFX1-]: glxtest: libEGL no display (t=0.242218) |[2][GFX1-]: glxtest: No visuals found (t=0.242224) [GFX1-]: glxtest: No visuals found
Crash Annotation GraphicsCriticalError: |[0][GFX1-]: glxtest: libpci missing (t=0.242179) |[1][GFX1-]: glxtest: libEGL no display (t=0.242218) |[2][GFX1-]: glxtest: No visuals found (t=0.242224) |[3][GFX1-]: glxtest: libEGL no display (t=0.242231) [GFX1-]: glxtest: libEGL no display
Crash Annotation GraphicsCriticalError: |[0][GFX1-]: glxtest: libpci missing (t=0.242179) |[1][GFX1-]: glxtest: libEGL no display (t=0.242218) |[2][GFX1-]: glxtest: No visuals found (t=0.242224) |[3][GFX1-]: glxtest: libEGL no display (t=0.242231) |[4][GFX1-]: No GPUs detected via PCI (t=0.242242) [GFX1-]: No GPUs detected via PCI
1628203953579	Marionette	INFO	Marionette enabled

(/usr/lib/firefox/firefox:2321896): Gtk-WARNING **: 18:52:33.877: Locale not supported by C library.
	Using the fallback 'C' locale.

(/usr/lib/firefox/firefox:2321915): Gtk-WARNING **: 18:52:33.972: Locale not supported by C library.
	Using the fallback 'C' locale.
console.warn: SearchSettings: "get: No settings file exists, new profile?" (new NotFoundError("Could not open the file at /tmp/rust_mozprofiletOR9fz/search.json.mozlz4", (void 0)))
1628203954496	Marionette	INFO	Listening on port 37271
1628203954632	Marionette	WARN	TLS certificate errors will be ignored for this session

(/usr/lib/firefox/firefox:2322028): Gtk-WARNING **: 18:52:34.888: Locale not supported by C library.
	Using the fallback 'C' locale.
1628203958444	Marionette	INFO	Stopped listening on port 37271

(/usr/lib/firefox/firefox:2322091): Gtk-WARNING **: 18:52:58.616: Locale not supported by C library.
	Using the fallback 'C' locale.
1628204115480	geckodriver	INFO	Listening on 127.0.0.1:50205
1628204115490	mozrunner::runner	INFO	Running command: "/usr/bin/firefox" "--marionette" "-foreground" "-no-remote" "-profile" "/tmp/rust_mozprofileSIthyl"

(firefox:2323384): Gtk-WARNING **: 18:55:15.507: Locale not supported by C library.
	Using the fallback 'C' locale.
Crash Annotation GraphicsCriticalError: |[0][GFX1-]: glxtest: libpci missing (t=0.235553) [GFX1-]: glxtest: libpci missing
Crash Annotation GraphicsCriticalError: |[0][GFX1-]: glxtest: libpci missing (t=0.235553) |[1][GFX1-]: glxtest: libEGL no display (t=0.23559) [GFX1-]: glxtest: libEGL no display
Crash Annotation GraphicsCriticalError: |[0][GFX1-]: glxtest: libpci missing (t=0.235553) |[1][GFX1-]: glxtest: libEGL no display (t=0.23559) |[2][GFX1-]: glxtest: No visuals found (t=0.235596) [GFX1-]: glxtest: No visuals found
Crash Annotation GraphicsCriticalError: |[0][GFX1-]: glxtest: libpci missing (t=0.235553) |[1][GFX1-]: glxtest: libEGL no display (t=0.23559) |[2][GFX1-]: glxtest: No visuals found (t=0.235596) |[3][GFX1-]: glxtest: libEGL no display (t=0.235603) [GFX1-]: glxtest: libEGL no display
Crash Annotation GraphicsCriticalError: |[0][GFX1-]: glxtest: libpci missing (t=0.235553) |[1][GFX1-]: glxtest: libEGL no display (t=0.23559) |[2][GFX1-]: glxtest: No visuals found (t=0.235596) |[3][GFX1-]: glxtest: libEGL no display (t=0.235603) |[4][GFX1-]: No GPUs detected via PCI (t=0.235614) [GFX1-]: No GPUs detected via PCI
1628204116168	Marionette	INFO	Marionette enabled

(/usr/lib/firefox/firefox:2323469): Gtk-WARNING **: 18:55:16.478: Locale not supported by C library.
	Using the fallback 'C' locale.

(/usr/lib/firefox/firefox:2323493): Gtk-WARNING **: 18:55:17.097: Locale not supported by C library.
	Using the fallback 'C' locale.
console.warn: SearchSettings: "get: No settings file exists, new profile?" (new NotFoundError("Could not open the file at /tmp/rust_mozprofileSIthyl/search.json.mozlz4", (void 0)))

(/usr/lib/firefox/firefox:2323567): Gtk-WARNING **: 18:55:17.850: Locale not supported by C library.
	Using the fallback 'C' locale.
1628204117853	Marionette	INFO	Listening on port 34179
1628204117922	Marionette	WARN	TLS certificate errors will be ignored for this session
1628204119465	Marionette	INFO	Stopped listening on port 34179
1628204174302	geckodriver	INFO	Listening on 127.0.0.1:58855
1628204174312	mozrunner::runner	INFO	Running command: "/usr/bin/firefox" "--marionette" "-foreground" "-no-remote" "-profile" "/tmp/rust_mozprofileoZijYv"

(firefox:2325440): Gtk-WARNING **: 18:56:14.341: Locale not supported by C library.
	Using the fallback 'C' locale.
Crash Annotation GraphicsCriticalError: |[0][GFX1-]: glxtest: libpci missing (t=0.24973) [GFX1-]: glxtest: libpci missing
Crash Annotation GraphicsCriticalError: |[0][GFX1-]: glxtest: libpci missing (t=0.24973) |[1][GFX1-]: glxtest: libEGL no display (t=0.249788) [GFX1-]: glxtest: libEGL no display
Crash Annotation GraphicsCriticalError: |[0][GFX1-]: glxtest: libpci missing (t=0.24973) |[1][GFX1-]: glxtest: libEGL no display (t=0.249788) |[2][GFX1-]: glxtest: No visuals found (t=0.249794) [GFX1-]: glxtest: No visuals found
Crash Annotation GraphicsCriticalError: |[0][GFX1-]: glxtest: libpci missing (t=0.24973) |[1][GFX1-]: glxtest: libEGL no display (t=0.249788) |[2][GFX1-]: glxtest: No visuals found (t=0.249794) |[3][GFX1-]: glxtest: libEGL no display (t=0.249815) [GFX1-]: glxtest: libEGL no display
Crash Annotation GraphicsCriticalError: |[0][GFX1-]: glxtest: libpci missing (t=0.24973) |[1][GFX1-]: glxtest: libEGL no display (t=0.249788) |[2][GFX1-]: glxtest: No visuals found (t=0.249794) |[3][GFX1-]: glxtest: libEGL no display (t=0.249815) |[4][GFX1-]: No GPUs detected via PCI (t=0.249827) [GFX1-]: No GPUs detected via PCI
1628204175008	Marionette	INFO	Marionette enabled

(/usr/lib/firefox/firefox:2325528): Gtk-WARNING **: 18:56:15.304: Locale not supported by C library.
	Using the fallback 'C' locale.

(/usr/lib/firefox/firefox:2325552): Gtk-WARNING **: 18:56:15.917: Locale not supported by C library.
	Using the fallback 'C' locale.
console.warn: SearchSettings: "get: No settings file exists, new profile?" (new NotFoundError("Could not open the file at /tmp/rust_mozprofileoZijYv/search.json.mozlz4", (void 0)))
1628204176456	Marionette	INFO	Listening on port 38295

(/usr/lib/firefox/firefox:2325628): Gtk-WARNING **: 18:56:16.464: Locale not supported by C library.
	Using the fallback 'C' locale.
1628204176527	Marionette	WARN	TLS certificate errors will be ignored for this session
1628204177606	geckodriver	INFO	Listening on 127.0.0.1:50395
1628204177614	mozrunner::runner	INFO	Running command: "/usr/bin/firefox" "--marionette" "-foreground" "-no-remote" "-profile" "/tmp/rust_mozprofile7Jv6nm"

(firefox:2325895): Gtk-WARNING **: 18:56:17.632: Locale not supported by C library.
	Using the fallback 'C' locale.
Crash Annotation GraphicsCriticalError: |[0][GFX1-]: glxtest: libpci missing (t=0.247791) [GFX1-]: glxtest: libpci missing
Crash Annotation GraphicsCriticalError: |[0][GFX1-]: glxtest: libpci missing (t=0.247791) |[1][GFX1-]: glxtest: libEGL no display (t=0.247825) [GFX1-]: glxtest: libEGL no display
Crash Annotation GraphicsCriticalError: |[0][GFX1-]: glxtest: libpci missing (t=0.247791) |[1][GFX1-]: glxtest: libEGL no display (t=0.247825) |[2][GFX1-]: glxtest: No visuals found (t=0.247832) [GFX1-]: glxtest: No visuals found
Crash Annotation GraphicsCriticalError: |[0][GFX1-]: glxtest: libpci missing (t=0.247791) |[1][GFX1-]: glxtest: libEGL no display (t=0.247825) |[2][GFX1-]: glxtest: No visuals found (t=0.247832) |[3][GFX1-]: glxtest: libEGL no display (t=0.247839) [GFX1-]: glxtest: libEGL no display
Crash Annotation GraphicsCriticalError: |[0][GFX1-]: glxtest: libpci missing (t=0.247791) |[1][GFX1-]: glxtest: libEGL no display (t=0.247825) |[2][GFX1-]: glxtest: No visuals found (t=0.247832) |[3][GFX1-]: glxtest: libEGL no display (t=0.247839) |[4][GFX1-]: No GPUs detected via PCI (t=0.247851) [GFX1-]: No GPUs detected via PCI
1628204178227	Marionette	INFO	Marionette enabled

(/usr/lib/firefox/firefox:2325979): Gtk-WARNING **: 18:56:18.547: Locale not supported by C library.
	Using the fallback 'C' locale.

(/usr/lib/firefox/firefox:2326003): Gtk-WARNING **: 18:56:19.171: Locale not supported by C library.
	Using the fallback 'C' locale.
console.warn: SearchSettings: "get: No settings file exists, new profile?" (new NotFoundError("Could not open the file at /tmp/rust_mozprofile7Jv6nm/search.json.mozlz4", (void 0)))
1628204179719	Marionette	INFO	Listening on port 39147

(/usr/lib/firefox/firefox:2326073): Gtk-WARNING **: 18:56:19.734: Locale not supported by C library.
	Using the fallback 'C' locale.
1628204179830	Marionette	WARN	TLS certificate errors will be ignored for this session
1628204180940	geckodriver	INFO	Listening on 127.0.0.1:51209
1628204180948	mozrunner::runner	INFO	Running command: "/usr/bin/firefox" "--marionette" "-foreground" "-no-remote" "-profile" "/tmp/rust_mozprofilefZ2IU2"

(firefox:2326367): Gtk-WARNING **: 18:56:20.966: Locale not supported by C library.
	Using the fallback 'C' locale.
Crash Annotation GraphicsCriticalError: |[0][GFX1-]: glxtest: libpci missing (t=0.234948) [GFX1-]: glxtest: libpci missing
Crash Annotation GraphicsCriticalError: |[0][GFX1-]: glxtest: libpci missing (t=0.234948) |[1][GFX1-]: glxtest: libEGL no display (t=0.234995) [GFX1-]: glxtest: libEGL no display
Crash Annotation GraphicsCriticalError: |[0][GFX1-]: glxtest: libpci missing (t=0.234948) |[1][GFX1-]: glxtest: libEGL no display (t=0.234995) |[2][GFX1-]: glxtest: No visuals found (t=0.235003) [GFX1-]: glxtest: No visuals found
Crash Annotation GraphicsCriticalError: |[0][GFX1-]: glxtest: libpci missing (t=0.234948) |[1][GFX1-]: glxtest: libEGL no display (t=0.234995) |[2][GFX1-]: glxtest: No visuals found (t=0.235003) |[3][GFX1-]: glxtest: libEGL no display (t=0.235009) [GFX1-]: glxtest: libEGL no display
Crash Annotation GraphicsCriticalError: |[0][GFX1-]: glxtest: libpci missing (t=0.234948) |[1][GFX1-]: glxtest: libEGL no display (t=0.234995) |[2][GFX1-]: glxtest: No visuals found (t=0.235003) |[3][GFX1-]: glxtest: libEGL no display (t=0.235009) |[4][GFX1-]: No GPUs detected via PCI (t=0.235021) [GFX1-]: No GPUs detected via PCI
1628204181522	Marionette	INFO	Marionette enabled

(/usr/lib/firefox/firefox:2326459): Gtk-WARNING **: 18:56:21.860: Locale not supported by C library.
	Using the fallback 'C' locale.
1628204181995	Marionette	INFO	Stopped listening on port 39147

(/usr/lib/firefox/firefox:2326486): Gtk-WARNING **: 18:56:22.470: Locale not supported by C library.
	Using the fallback 'C' locale.
console.warn: SearchSettings: "get: No settings file exists, new profile?" (new NotFoundError("Could not open the file at /tmp/rust_mozprofilefZ2IU2/search.json.mozlz4", (void 0)))
1628204183002	Marionette	INFO	Listening on port 42303

(/usr/lib/firefox/firefox:2326558): Gtk-WARNING **: 18:56:23.006: Locale not supported by C library.
	Using the fallback 'C' locale.
1628204183063	Marionette	WARN	TLS certificate errors will be ignored for this session
Marionette threw an error: TypeError: this.curBrowser.contentBrowser is null
GeckoDriver.prototype.navigateTo@chrome://marionette/content/driver.js:918:3


(/usr/lib/firefox/firefox:2326612): Gtk-WARNING **: 18:56:23.689: Locale not supported by C library.
	Using the fallback 'C' locale.
1628204186656	Marionette	INFO	Stopped listening on port 42303
1628204187206	Marionette	INFO	Stopped listening on port 38295

###!!! [Parent][RunMessage] Error: Channel closing: too late to send/recv, messages will be lost

1628204195181	geckodriver	INFO	Listening on 127.0.0.1:57015
1628204195189	mozrunner::runner	INFO	Running command: "/usr/bin/firefox" "--marionette" "-foreground" "-no-remote" "-profile" "/tmp/rust_mozprofileNjehIy"

(firefox:2329039): Gtk-WARNING **: 18:56:35.207: Locale not supported by C library.
	Using the fallback 'C' locale.
Crash Annotation GraphicsCriticalError: |[0][GFX1-]: glxtest: libpci missing (t=0.217192) [GFX1-]: glxtest: libpci missing
Crash Annotation GraphicsCriticalError: |[0][GFX1-]: glxtest: libpci missing (t=0.217192) |[1][GFX1-]: glxtest: libEGL no display (t=0.217226) [GFX1-]: glxtest: libEGL no display
Crash Annotation GraphicsCriticalError: |[0][GFX1-]: glxtest: libpci missing (t=0.217192) |[1][GFX1-]: glxtest: libEGL no display (t=0.217226) |[2][GFX1-]: glxtest: No visuals found (t=0.217232) [GFX1-]: glxtest: No visuals found
Crash Annotation GraphicsCriticalError: |[0][GFX1-]: glxtest: libpci missing (t=0.217192) |[1][GFX1-]: glxtest: libEGL no display (t=0.217226) |[2][GFX1-]: glxtest: No visuals found (t=0.217232) |[3][GFX1-]: glxtest: libEGL no display (t=0.217239) [GFX1-]: glxtest: libEGL no display
Crash Annotation GraphicsCriticalError: |[0][GFX1-]: glxtest: libpci missing (t=0.217192) |[1][GFX1-]: glxtest: libEGL no display (t=0.217226) |[2][GFX1-]: glxtest: No visuals found (t=0.217232) |[3][GFX1-]: glxtest: libEGL no display (t=0.217239) |[4][GFX1-]: No GPUs detected via PCI (t=0.217251) [GFX1-]: No GPUs detected via PCI
1628204195865	Marionette	INFO	Marionette enabled

(/usr/lib/firefox/firefox:2329127): Gtk-WARNING **: 18:56:36.182: Locale not supported by C library.
	Using the fallback 'C' locale.

(/usr/lib/firefox/firefox:2329154): Gtk-WARNING **: 18:56:36.780: Locale not supported by C library.
	Using the fallback 'C' locale.
console.warn: SearchSettings: "get: No settings file exists, new profile?" (new NotFoundError("Could not open the file at /tmp/rust_mozprofileNjehIy/search.json.mozlz4", (void 0)))
1628204197357	Marionette	INFO	Listening on port 42065

(/usr/lib/firefox/firefox:2329239): Gtk-WARNING **: 18:56:37.363: Locale not supported by C library.
	Using the fallback 'C' locale.
1628204197414	Marionette	WARN	TLS certificate errors will be ignored for this session
1628204198421	geckodriver	INFO	Listening on 127.0.0.1:41295
1628204198429	mozrunner::runner	INFO	Running command: "/usr/bin/firefox" "--marionette" "-foreground" "-no-remote" "-profile" "/tmp/rust_mozprofile4rS6Yx"

(firefox:2329497): Gtk-WARNING **: 18:56:38.447: Locale not supported by C library.
	Using the fallback 'C' locale.
Crash Annotation GraphicsCriticalError: |[0][GFX1-]: glxtest: libpci missing (t=0.24126) [GFX1-]: glxtest: libpci missing
Crash Annotation GraphicsCriticalError: |[0][GFX1-]: glxtest: libpci missing (t=0.24126) |[1][GFX1-]: glxtest: libEGL no display (t=0.241295) [GFX1-]: glxtest: libEGL no display
Crash Annotation GraphicsCriticalError: |[0][GFX1-]: glxtest: libpci missing (t=0.24126) |[1][GFX1-]: glxtest: libEGL no display (t=0.241295) |[2][GFX1-]: glxtest: No visuals found (t=0.241302) [GFX1-]: glxtest: No visuals found
Crash Annotation GraphicsCriticalError: |[0][GFX1-]: glxtest: libpci missing (t=0.24126) |[1][GFX1-]: glxtest: libEGL no display (t=0.241295) |[2][GFX1-]: glxtest: No visuals found (t=0.241302) |[3][GFX1-]: glxtest: libEGL no display (t=0.241309) [GFX1-]: glxtest: libEGL no display
Crash Annotation GraphicsCriticalError: |[0][GFX1-]: glxtest: libpci missing (t=0.24126) |[1][GFX1-]: glxtest: libEGL no display (t=0.241295) |[2][GFX1-]: glxtest: No visuals found (t=0.241302) |[3][GFX1-]: glxtest: libEGL no display (t=0.241309) |[4][GFX1-]: No GPUs detected via PCI (t=0.241321) [GFX1-]: No GPUs detected via PCI
1628204199024	Marionette	INFO	Marionette enabled

(/usr/lib/firefox/firefox:2329584): Gtk-WARNING **: 18:56:39.321: Locale not supported by C library.
	Using the fallback 'C' locale.

(/usr/lib/firefox/firefox:2329617): Gtk-WARNING **: 18:56:39.942: Locale not supported by C library.
	Using the fallback 'C' locale.
console.warn: SearchSettings: "get: No settings file exists, new profile?" (new NotFoundError("Could not open the file at /tmp/rust_mozprofile4rS6Yx/search.json.mozlz4", (void 0)))

(/usr/lib/firefox/firefox:2329689): Gtk-WARNING **: 18:56:40.542: Locale not supported by C library.
	Using the fallback 'C' locale.
1628204200565	Marionette	INFO	Listening on port 43661
1628204200644	Marionette	WARN	TLS certificate errors will be ignored for this session
1628204201536	geckodriver	INFO	Listening on 127.0.0.1:36481
1628204201543	mozrunner::runner	INFO	Running command: "/usr/bin/firefox" "--marionette" "-foreground" "-no-remote" "-profile" "/tmp/rust_mozprofile7SpeVS"

(firefox:2329956): Gtk-WARNING **: 18:56:41.562: Locale not supported by C library.
	Using the fallback 'C' locale.
Crash Annotation GraphicsCriticalError: |[0][GFX1-]: glxtest: libpci missing (t=0.228257) [GFX1-]: glxtest: libpci missing
Crash Annotation GraphicsCriticalError: |[0][GFX1-]: glxtest: libpci missing (t=0.228257) |[1][GFX1-]: glxtest: libEGL no display (t=0.228289) [GFX1-]: glxtest: libEGL no display
Crash Annotation GraphicsCriticalError: |[0][GFX1-]: glxtest: libpci missing (t=0.228257) |[1][GFX1-]: glxtest: libEGL no display (t=0.228289) |[2][GFX1-]: glxtest: No visuals found (t=0.228298) [GFX1-]: glxtest: No visuals found
Crash Annotation GraphicsCriticalError: |[0][GFX1-]: glxtest: libpci missing (t=0.228257) |[1][GFX1-]: glxtest: libEGL no display (t=0.228289) |[2][GFX1-]: glxtest: No visuals found (t=0.228298) |[3][GFX1-]: glxtest: libEGL no display (t=0.228306) [GFX1-]: glxtest: libEGL no display
Crash Annotation GraphicsCriticalError: |[0][GFX1-]: glxtest: libpci missing (t=0.228257) |[1][GFX1-]: glxtest: libEGL no display (t=0.228289) |[2][GFX1-]: glxtest: No visuals found (t=0.228298) |[3][GFX1-]: glxtest: libEGL no display (t=0.228306) |[4][GFX1-]: No GPUs detected via PCI (t=0.22832) [GFX1-]: No GPUs detected via PCI
1628204202206	Marionette	INFO	Marionette enabled

(/usr/lib/firefox/firefox:2330040): Gtk-WARNING **: 18:56:42.531: Locale not supported by C library.
	Using the fallback 'C' locale.

(/usr/lib/firefox/firefox:2330066): Gtk-WARNING **: 18:56:43.143: Locale not supported by C library.
	Using the fallback 'C' locale.
console.warn: SearchSettings: "get: No settings file exists, new profile?" (new NotFoundError("Could not open the file at /tmp/rust_mozprofile7SpeVS/search.json.mozlz4", (void 0)))
1628204203716	Marionette	INFO	Listening on port 44273

(/usr/lib/firefox/firefox:2330138): Gtk-WARNING **: 18:56:43.717: Locale not supported by C library.
	Using the fallback 'C' locale.
1628204203761	Marionette	WARN	TLS certificate errors will be ignored for this session

###!!! [Parent][MessageChannel] Error: (msgtype=0x1F0011,name=PBackgroundStorage::Msg_Observe) Channel error: cannot send/recv


###!!! [Parent][MessageChannel] Error: (msgtype=0x1F0011,name=PBackgroundStorage::Msg_Observe) Channel error: cannot send/recv

1628204205355	Marionette	INFO	Stopped listening on port 44273
1628204206684	Marionette	INFO	Stopped listening on port 43661
1628204207487	Marionette	INFO	Stopped listening on port 42065

(/usr/lib/firefox/firefox:2330380): Gtk-WARNING **: 18:57:38.615: Locale not supported by C library.
	Using the fallback 'C' locale.

(/usr/lib/firefox/firefox:2330409): Gtk-WARNING **: 18:57:40.004: Locale not supported by C library.
	Using the fallback 'C' locale.
1628204261844	Marionette	INFO	Stopped listening on port 37829
